0 2.28 wget --quiet http://ftp.leg.uct.ac.za/pub/packages/ctan/indexing/forindex.zip
0 2.20 wget --quiet http://mirror.ufs.ac.za/ctan/indexing/forindex.zip
0 1.85 wget --quiet http://mirrors.tuna.tsinghua.edu.cn/CTAN/indexing/forindex.zip
0 2.09 wget --quiet http://ftp.jaist.ac.jp/pub/CTAN/indexing/forindex.zip
0 10.63 wget --quiet http://ftp.ktug.org/tex-archive/indexing/forindex.zip
0 0.91 wget --quiet http://mirrors.nic.cz/pub/tex-archive/indexing/forindex.zip
0 0.82 wget --quiet http://ctan.space-pro.be/tex-archive/indexing/forindex.zip
0 0.80 wget --quiet http://ftp.rrze.uni-erlangen.de/ctan/indexing/forindex.zip
0 2.14 wget --quiet http://vesta.informatik.rwth-aachen.de/ftp/pub/mirror/ctan/indexing/forindex.zip
0 1.10 wget --quiet http://ctan.mines-albi.fr/indexing/forindex.zip
0 2.26 wget --quiet http://mirrors.ircam.fr/pub/CTAN/indexing/forindex.zip
0 1.94 wget --quiet http://ctan.cs.uu.nl/indexing/forindex.zip
0 2.35 wget --quiet http://ctan.uib.no/indexing/forindex.zip
0 1.72 wget --quiet http://mirrors.up.pt/pub/CTAN/indexing/forindex.zip
0 0.92 wget --quiet http://ctan.ijs.si/tex-archive/indexing/forindex.zip
0 2.12 wget --quiet http://anorien.csc.warwick.ac.uk/mirrors/CTAN/indexing/forindex.zip
0 3.05 wget --quiet http://ftp.cc.uoc.gr/mirrors/CTAN/indexing/forindex.zip
0 1.98 wget --quiet http://ctan.math.ca/tex-archive/indexing/forindex.zip
0 0.56 wget --quiet http://muug.ca/mirror/ctan/indexing/forindex.zip
0 0.52 wget --quiet http://ctan.math.utah.edu/ctan/tex-archive/indexing/forindex.zip
0 0.21 wget --quiet http://ctan.sharelatex.com/tex-archive/indexing/forindex.zip
0 0.85 wget --quiet http://mirror.hmc.edu/ctan/indexing/forindex.zip
0 0.59 wget --quiet http://mirror.utexas.edu/ctan/indexing/forindex.zip
0 3.78 wget --quiet http://mirrors.mi.ras.ru/CTAN/indexing/forindex.zip
0 0.23 wget --quiet http://mirrors.rit.edu/CTAN/indexing/forindex.zip
Command exited with non-zero status 8
8 0.39 wget --quiet http://mirror.lagoon.nc/ctan/indexing/forindex.zip
0 2.23 wget --quiet http://ftp.inf.utfsm.cl/pub/tex-archive/indexing/forindex.zip
