0 0.21 wget --quiet http://ctan.sharelatex.com/tex-archive/indexing/forindex.zip
0 0.22 wget --quiet http://mirrors.rit.edu/CTAN/indexing/forindex.zip
0 0.35 wget --quiet http://muug.ca/mirror/ctan/indexing/forindex.zip
0 0.41 wget --quiet http://ctan.math.utah.edu/ctan/tex-archive/indexing/forindex.zip
0 0.52 wget --quiet http://mirror.utexas.edu/ctan/indexing/forindex.zip
0 0.80 wget --quiet http://ftp.rrze.uni-erlangen.de/ctan/indexing/forindex.zip
0 0.83 wget --quiet http://ctan.space-pro.be/tex-archive/indexing/forindex.zip
0 0.83 wget --quiet http://mirrors.nic.cz/pub/tex-archive/indexing/forindex.zip
0 0.85 wget --quiet http://mirror.hmc.edu/ctan/indexing/forindex.zip
0 0.93 wget --quiet http://ctan.ijs.si/tex-archive/indexing/forindex.zip
0 1.04 wget --quiet http://mirrors.up.pt/pub/CTAN/indexing/forindex.zip
0 1.40 wget --quiet http://ctan.cs.uu.nl/indexing/forindex.zip
0 1.64 wget --quiet http://mirrors.mi.ras.ru/CTAN/indexing/forindex.zip
0 1.83 wget --quiet http://mirrors.tuna.tsinghua.edu.cn/CTAN/indexing/forindex.zip
0 1.84 wget --quiet http://ctan.math.ca/tex-archive/indexing/forindex.zip
0 1.88 wget --quiet http://anorien.csc.warwick.ac.uk/mirrors/CTAN/indexing/forindex.zip
0 1.98 wget --quiet http://vesta.informatik.rwth-aachen.de/ftp/pub/mirror/ctan/indexing/forindex.zip
0 2.16 wget --quiet http://mirrors.ircam.fr/pub/CTAN/indexing/forindex.zip
0 2.22 wget --quiet http://ftp.jaist.ac.jp/pub/CTAN/indexing/forindex.zip
0 2.39 wget --quiet http://ftp.leg.uct.ac.za/pub/packages/ctan/indexing/forindex.zip
0 2.52 wget --quiet http://ctan.uib.no/indexing/forindex.zip
0 2.68 wget --quiet http://ftp.inf.utfsm.cl/pub/tex-archive/indexing/forindex.zip
0 2.69 wget --quiet http://ftp.cc.uoc.gr/mirrors/CTAN/indexing/forindex.zip
0 2.69 wget --quiet http://mirror.ufs.ac.za/ctan/indexing/forindex.zip
0 2.87 wget --quiet http://ctan.mines-albi.fr/indexing/forindex.zip
0 8.04 wget --quiet http://ftp.ktug.org/tex-archive/indexing/forindex.zip
